p/elephantsinjungle49.jpeg 1 0 0 259 194
p/elephantsinjungle48.jpeg 1 0 0 288 175
p/elephantsinjungle47.jpeg 1 0 0 271 186
p/elephantsinjungle46.jpeg 1 0 0 271 186
p/elephantsinjungle45.jpeg 1 0 0 290 174
p/elephantsinjungle43.jpeg 1 0 0 275 183
p/elephantsinjungle42.jpeg 1 0 0 291 173
p/elephantsinjungle41.jpeg 1 0 0 346 145
p/elephantsinjungle40.jpeg 1 0 0 300 168
p/elephantsinjungle39.jpeg 1 0 0 225 225
p/elephantsinjungle38.jpeg 1 0 0 306 165
p/elephantsinjungle37.jpeg 1 0 0 300 168
p/elephantsinjungle34.jpeg 1 0 0 275 183
p/elephantsinjungle32.jpeg 1 0 0 275 184
p/elephantsinjungle31.jpeg 1 0 0 310 163
p/elephantsinjungle30.jpeg 1 0 0 259 194
p/elephantsinjungle29.jpeg 1 0 0 225 225
p/elephantsinjungle28.jpeg 1 0 0 299 168
p/elephantsinjungle27.jpeg 1 0 0 275 183
p/elephantsinjungle26.jpeg 1 0 0 272 185
p/elephantsinjungle24.jpeg 1 0 0 190 266
p/elephantsinjungle23.jpeg 1 0 0 275 183
p/elephantsinjungle22.jpeg 1 0 0 280 180
p/elephantsinjungle21.jpeg 1 0 0 280 180
p/elephantsinjungle20.jpeg 1 0 0 263 192
p/elephantsinjungle19.jpeg 1 0 0 262 192
p/elephantsinjungle16.jpeg 1 0 0 960 720
p/elephantsinjungle15.jpeg 1 0 0 1300 866
p/elephantsinjungle14.jpeg 1 0 0 760 507
p/elephantsinjungle13.jpeg 1 0 0 669 446
p/elephantsinjungle11.jpeg 1 0 0 1920 1080
p/elephantsinjungle10.jpeg 1 0 0 550 368
p/elephantsinjungle9.jpeg 1 0 0 800 450
p/elephantsinjungle8.jpeg 1 0 0 1200 800
p/elephantsinjungle7.jpeg 1 0 0 800 533
p/elephantsinjungle6.jpeg 1 0 0 1272 848
p/elephantsinjungle5.jpeg 1 0 0 381 280
p/elephantsinjungle4.jpeg 1 0 0 1400 974
p/elephantsinjungle3.jpeg 1 0 0 669 446
p/elephantsinjungle0.jpeg 1 0 0 1280 720